Quads for this program 
 
 0 :- t0 = 0 
 1 :- j = t0 
 2 :- t1 = 0 
 3 :- k = t1 
 4 :- t2 = 5 
 5 :- total = t2 
 6 :- t3 = 10 
 7 :- t4 = 2 
 8 :- t5 = 2.000 
 9 :- x = t5 
10 :- t6 = 5.000 
11 :- y = t6 
12 :- t7 = 0 
13 :- i = t7 
14 :- if i < total goto 20 
15 :- goto 35 
16 :- t8 = i 
17 :- t9 = i + 1 
18 :- i = t9 
19 :- goto 14 
20 :- t10 = 0 
21 :- t12 = 16 * i 
22 :- t11 = t10 + t12 
23 :- t13 = 0 
24 :- t15 = 8 * t13 
25 :- t14 = t11 + t15 
26 :- t16 = x + y 
27 :- a[t14] = t16 
28 :- t17 = x 
29 :- t18 = x + 1 
30 :- x = t18 
31 :- t19 = y 
32 :- t20 = y - 1 
33 :- y = t20 
34 :- goto 16 
35 :- t21 = 1 
36 :- if total > t21 goto 38 
37 :- goto 60 
38 :- t22 = 0 
39 :- t24 = 16 * i 
40 :- t23 = t22 + t24 
41 :- t25 = 1 
42 :- t27 = 8 * t25 
43 :- t26 = t23 + t27 
44 :- t28 = 0 
45 :- t29 = 1 
46 :- t30 = i - t29 
47 :- t32 = 16 * t30 
48 :- t31 = t28 + t32 
49 :- t33 = 1 
50 :- t35 = 8 * t33 
51 :- t34 = t31 + t35 
52 :- t36 = a[t34] 
53 :- t37 = 1.000 
54 :- t38 = t36 + t37 
55 :- a[t26] = t38 
56 :- t39 = 1 
57 :- t40 = total - t39 
58 :- total = t40 
59 :- goto 35 
60 :- t41 = 0 
61 :- total = t41 
62 :- t42 = x + y 
63 :- x = t42 
64 :- t43 = total 
65 :- t44 = total + 1 
66 :- total = t44 
67 :- t45 = 0 
68 :- if total > t45 goto 70 
69 :- goto 73 
70 :- t46 = 5 
71 :- if total < t46 goto 62 
72 :- goto 73 
73 :- t47 = 1 
74 :- why = t47 
75 :- t48 = 0 
76 :- if why != t48 goto 78 
77 :- goto 82 
78 :- t49 = why 
79 :- t50 = why - 1 
80 :- why = t50 
81 :- goto 75 
